<?xml version="1.0" encoding="UTF-8"?>
<testsuite xmlns:xsi="http://www.w3.org/2001/XMLSchema-instance" xsi:schemaLocation="https://maven.apache.org/surefire/maven-surefire-plugin/xsd/surefire-test-report.xsd" name="TestSuite" time="1.403" tests="3" errors="0" skipped="2" failures="1">
  <properties>
[...]
</properties>
  <testcase name="setup" classname="com.testCases.TC_LoginTest_001" time="0.769">
    <failure message="The driver executable does not exist: C:\Users\Tanvir Singh\eclipse-workspace\Test_Framework\.\Drivers\chromedriver.exe" type="java.lang.IllegalStateException">java.lang.IllegalStateException: The driver executable does not exist: C:\Users\Tanvir Singh\eclipse-workspace\Test_Framework\.\Drivers\chromedriver.exe
</failure>
    <system-out><![CDATA[DEBUG [main] (BaseClass.java:50)- Debug logging has started 
]]></system-out>
  </testcase>
  <testcase name="loginTest" classname="com.testCases.TC_LoginTest_001" time="0">
    <skipped message="The driver executable does not exist: C:\Users\Tanvir Singh\eclipse-workspace\Test_Framework\.\Drivers\chromedriver.exe"/>
  </testcase>
  <testcase name="tearDown" classname="com.testCases.TC_LoginTest_001" time="0">
    <skipped/>
  </testcase>
</testsuite>