-------------------------------------------------------------------------------
Test set: TestSuite
-------------------------------------------------------------------------------
Tests run: 3, Failures: 1, Errors: 0, Skipped: 2, Time elapsed: 1.403 sec <<< FAILURE! - in TestSuite
setup(com.testCases.TC_LoginTest_001)  Time elapsed: 0.769 sec  <<< FAILURE!
java.lang.IllegalStateException: The driver executable does not exist: C:\Users\Tanvir Singh\eclipse-workspace\Test_Framework\.\Drivers\chromedriver.exe

